<?xml version="1.0" encoding="UTF-8"?>
<!-- Generated by org.testng.reporters.JUnitReportReporter -->
<testsuite hostname="DESKTOP-PDCQ0H0" failures="0" tests="3" name="brrStyle.PathAndQuryParam" time="17.929" errors="0" timestamp="2025-03-07T11:52:17 IST" skipped="0">
  <testcase classname="brrStyle.PathAndQuryParam" name="getUserAPI_WithPathParams" time="14.892"/>
  <testcase classname="brrStyle.PathAndQuryParam" name="getUserAPI_WithPathParams" time="1.476"/>
  <testcase classname="brrStyle.PathAndQuryParam" name="getUserAPI_WithPathParams" time="1.561"/>
</testsuite> <!-- brrStyle.PathAndQuryParam -->
