<?xml version="1.0" encoding="UTF-8"?>
<!-- Generated by org.testng.reporters.JUnitReportReporter -->
<testsuite hostname="DESKTOP-PDCQ0H0" failures="0" tests="1" name="brrStyle.InvalidTokenWithMessageValidation" time="13.099" errors="0" timestamp="2025-03-07T13:27:46 IST" skipped="0">
  <testcase classname="brrStyle.InvalidTokenWithMessageValidation" name="FetchNestedData_with_JsonPath" time="13.099"/>
</testsuite> <!-- brrStyle.InvalidTokenWithMessageValidation -->
