<?xml version="1.0" encoding="UTF-8"?>
<!-- Generated by org.testng.reporters.JUnitReportReporter -->
<testsuite hostname="DESKTOP-PDCQ0H0" failures="0" tests="3" name="brrStyle.PathAndQuryParam" time="17.553" errors="0" timestamp="2025-03-07T14:01:28 IST" skipped="0">
  <testcase classname="brrStyle.PathAndQuryParam" name="getAllFacilities_WithPathParamsDP" time="15.393"/>
  <testcase classname="brrStyle.PathAndQuryParam" name="getAllFacilities_WithPathParamsDP" time="0.935"/>
  <testcase classname="brrStyle.PathAndQuryParam" name="getAllFacilities_WithPathParamsDP" time="1.225"/>
</testsuite> <!-- brrStyle.PathAndQuryParam -->
