<?xml version="1.0" encoding="UTF-8"?>
<!-- Generated by org.testng.reporters.JUnitReportReporter -->
<testsuite hostname="DESKTOP-PDCQ0H0" failures="0" tests="1" name="brrStyle.InvalidTokenWithMessageValidation" time="20.374" errors="0" timestamp="2025-03-07T15:37:21 IST" skipped="0">
  <testcase classname="brrStyle.InvalidTokenWithMessageValidation" name="facility_FetchNestedData_with_JsonPath" time="20.374"/>
</testsuite> <!-- brrStyle.InvalidTokenWithMessageValidation -->
