<?xml version="1.0" encoding="UTF-8"?>
<!-- Generated by org.testng.reporters.JUnitReportReporter -->
<testsuite hostname="DESKTOP-PDCQ0H0" failures="0" tests="4" name="brrStyle.WithBDDStyle" time="34.710" errors="0" timestamp="2025-03-05T15:46:15 IST" skipped="0">
  <testcase classname="brrStyle.WithBDDStyle" name="getAllWorkStationDeatils" time="1.357"/>
  <testcase classname="brrStyle.WithBDDStyle" name="getAllFacilities" time="1.564"/>
  <testcase classname="brrStyle.WithBDDStyle" name="getRESTSettingDeatils" time="7.935"/>
  <testcase classname="brrStyle.WithBDDStyle" name="getAboutDeatils" time="23.854"/>
</testsuite> <!-- brrStyle.WithBDDStyle -->
